D:\PROJECT\PROJECTVS\PSEUDO3D\PSEUDO3D\DEBUG\MAIN.OBJ
D:\PROJECT\PROJECTVS\PSEUDO3D\PSEUDO3D\DEBUG\VC110.PDB
D:\PROJECT\PROJECTVS\PSEUDO3D\DEBUG\PSEUDO3D.ILK
D:\PROJECT\PROJECTVS\PSEUDO3D\DEBUG\PSEUDO3D.EXE
D:\PROJECT\PROJECTVS\PSEUDO3D\DEBUG\PSEUDO3D.PDB
D:\Project\projectVS\Pseudo3D\Pseudo3D\Debug\main.obj
D:\Project\projectVS\Pseudo3D\Pseudo3D\Debug\cl.command.1.tlog
D:\Project\projectVS\Pseudo3D\Pseudo3D\Debug\CL.read.1.tlog
D:\Project\projectVS\Pseudo3D\Pseudo3D\Debug\CL.write.1.tlog
D:\Project\projectVS\Pseudo3D\Pseudo3D\Debug\link-cvtres.read.1.tlog
D:\Project\projectVS\Pseudo3D\Pseudo3D\Debug\link-cvtres.write.1.tlog
D:\Project\projectVS\Pseudo3D\Pseudo3D\Debug\link-rc.read.1.tlog
D:\Project\projectVS\Pseudo3D\Pseudo3D\Debug\link-rc.write.1.tlog
D:\Project\projectVS\Pseudo3D\Pseudo3D\Debug\link.command.1.tlog
D:\Project\projectVS\Pseudo3D\Pseudo3D\Debug\link.read.1.tlog
D:\Project\projectVS\Pseudo3D\Pseudo3D\Debug\link.write.1.tlog
D:\Project\projectVS\Pseudo3D\Pseudo3D\Debug\vc110.idb
D:\Project\projectVS\Pseudo3D\Pseudo3D\Debug\vc110.pdb
D:\Project\projectVS\Pseudo3D\Debug\Pseudo3D.pdb
D:\Project\projectVS\Pseudo3D\Debug\Pseudo3D.exe
D:\Project\projectVS\Pseudo3D\Debug\Pseudo3D.ilk
